<?xml version="1.0" encoding="UTF-8"?>
<!-- Generated by org.testng.reporters.JUnitReportReporter -->
<testsuite hostname="LAPTOP-KBV6SF0Q" failures="0" tests="1" name="testCases.TC_001_HomePage_Test" time="48.471" errors="0" timestamp="2024-11-24T14:27:58 IST" skipped="0">
  <testcase classname="testCases.TC_001_HomePage_Test" name="validateTextToSlider" time="48.471"/>
</testsuite> <!-- testCases.TC_001_HomePage_Test -->
